<?xml version="1.0" encoding="UTF-8"?>
<testsuite name="MainTest" tests="6" skipped="0" failures="0" errors="0" timestamp="2020-02-18T21:02:19" hostname="zeus" time="0.021">
  <properties/>
  <testcase name="resolveInstancia" classname="MainTest" time="0.012"/>
  <testcase name="readCategorias" classname="MainTest" time="0.002"/>
  <testcase name="readCarros" classname="MainTest" time="0.002"/>
  <testcase name="combinar" classname="MainTest" time="0.002"/>
  <testcase name="testFilterLocadora" classname="MainTest" time="0.002"/>
  <testcase name="readLocadoras" classname="MainTest" time="0.001"/>
  <system-out><![CDATA[]]></system-out>
  <system-err><![CDATA[]]></system-err>
</testsuite>
